<?xml version="1.0" encoding="UTF-8"?>
<!-- Generated by org.testng.reporters.JUnitReportReporter -->
<testsuite hostname="INVCHN-LTW-063" failures="0" tests="1" name="com.as.qa.test.TestRunnerClass" time="0.011" errors="0" timestamp="03 Jul 2024 23:02:45 GMT" skipped="0">
  <testcase classname="com.as.qa.test.TestRunnerClass" name="testing" time="0.011"/>
</testsuite> <!-- com.as.qa.test.TestRunnerClass -->
